[debug] [2021-05-02T15:00:29.745Z] ----------------------------------------------------------------------
[debug] [2021-05-02T15:00:29.747Z] Command:       C:\Program Files\nodejs\node.exe C:\Users\akshi\AppData\Roaming\npm\node_modules\firebase-tools\lib\bin\firebase.js emulators:start
[debug] [2021-05-02T15:00:29.747Z] CLI Version:   9.10.0
[debug] [2021-05-02T15:00:29.747Z] Platform:      win32
[debug] [2021-05-02T15:00:29.747Z] Node Version:  v12.18.3
[debug] [2021-05-02T15:00:29.749Z] Time:          Sun May 02 2021 20:30:29 GMT+0530 (India Standard Time)
[debug] [2021-05-02T15:00:29.749Z] ----------------------------------------------------------------------
[debug] 
[debug] [2021-05-02T15:00:29.756Z] > command requires scopes: ["email","openid","https://www.googleapis.com/auth/cloudplatformprojects.readonly","https://www.googleapis.com/auth/firebase","https://www.googleapis.com/auth/cloud-platform"]
[debug] [2021-05-02T15:00:29.757Z] > authorizing via signed-in user (sachinchodu001@gmail.com)
[info] i  emulators: Starting emulators: functions, hosting {"metadata":{"emulator":{"name":"hub"},"message":"Starting emulators: functions, hosting"}}
[debug] [2021-05-02T15:00:31.821Z] [hub] writing locator at C:\Users\akshi\AppData\Local\Temp\hub-clone-5e57f.json
[warn] !  functions: The following emulators are not running, calls to these services from the Functions emulator will affect production: auth, firestore, database, pubsub {"metadata":{"emulator":{"name":"functions"},"message":"The following emulators are not running, calls to these services from the Functions emulator will affect production: \u001b[1mauth, firestore, database, pubsub\u001b[22m"}}
[info] +  functions: Using node@12 from host. {"metadata":{"emulator":{"name":"functions"},"message":"Using node@12 from host."}}
[debug] [2021-05-02T15:00:33.898Z] defaultcredentials: writing to file C:\Users\akshi\AppData\Roaming\firebase\sachinchodu001_gmail_com_application_default_credentials.json
[debug] [2021-05-02T15:00:33.901Z] Setting GAC to C:\Users\akshi\AppData\Roaming\firebase\sachinchodu001_gmail_com_application_default_credentials.json {"metadata":{"emulator":{"name":"functions"},"message":"Setting GAC to C:\\Users\\akshi\\AppData\\Roaming\\firebase\\sachinchodu001_gmail_com_application_default_credentials.json"}}
[debug] [2021-05-02T15:00:33.903Z] > refreshing access token with scopes: []
[debug] [2021-05-02T15:00:33.903Z] >>> HTTP REQUEST POST https://www.googleapis.com/oauth2/v3/token  
 <request body omitted>
[debug] [2021-05-02T15:00:36.013Z] <<< HTTP RESPONSE 200 {"cache-control":"no-cache, no-store, max-age=0, must-revalidate","date":"Sun, 02 May 2021 15:00:34 GMT","pragma":"no-cache","expires":"Mon, 01 Jan 1990 00:00:00 GMT","content-type":"application/json; charset=utf-8","vary":"X-Origin, Referer, Origin,Accept-Encoding","server":"scaffolding on HTTPServer2","x-xss-protection":"0","x-frame-options":"SAMEORIGIN","x-content-type-options":"nosniff","alt-svc":"h3-29=\":443\"; ma=2592000,h3-T051=\":443\"; ma=2592000,h3-Q050=\":443\"; ma=2592000,h3-Q046=\":443\"; ma=2592000,h3-Q043=\":443\"; ma=2592000,quic=\":443\"; ma=2592000; v=\"46,43\"","accept-ranges":"none","transfer-encoding":"chunked"}
[debug] [2021-05-02T15:00:36.021Z] >>> [apiv2][query] GET https://firebase.googleapis.com/v1beta1/projects/clone-5e57f/adminSdkConfig [none]
[debug] [2021-05-02T15:00:37.929Z] <<< [apiv2][status] GET https://firebase.googleapis.com/v1beta1/projects/clone-5e57f/adminSdkConfig 200
[debug] [2021-05-02T15:00:37.929Z] <<< [apiv2][body] GET https://firebase.googleapis.com/v1beta1/projects/clone-5e57f/adminSdkConfig {"projectId":"clone-5e57f","storageBucket":"clone-5e57f.appspot.com","locationId":"us-central"}
[debug] [2021-05-02T15:00:39.992Z] >>> [apiv2][query] GET https://firebase.googleapis.com/v1beta1/projects/clone-5e57f/webApps/-/config [none]
[debug] [2021-05-02T15:00:41.250Z] <<< [apiv2][status] GET https://firebase.googleapis.com/v1beta1/projects/clone-5e57f/webApps/-/config 200
[debug] [2021-05-02T15:00:41.250Z] <<< [apiv2][body] GET https://firebase.googleapis.com/v1beta1/projects/clone-5e57f/webApps/-/config {"projectId":"clone-5e57f","appId":"1:571888769777:web:4a29c5a095d33afff36750","storageBucket":"clone-5e57f.appspot.com","locationId":"us-central","apiKey":"AIzaSyCwsgv8O1OZMGX-W9Ok9d9YnD1s_G7G2mk","authDomain":"clone-5e57f.firebaseapp.com","messagingSenderId":"571888769777","measurementId":"G-YWGSHB6PG8"}
[info] i  hosting: Serving hosting files from: build {"metadata":{"emulator":{"name":"hosting"},"message":"Serving hosting files from: \u001b[1mbuild\u001b[22m"}}
[info] +  hosting: Local server: http://localhost:5000 {"metadata":{"emulator":{"name":"hosting"},"message":"Local server: \u001b[4m\u001b[1mhttp://localhost:5000\u001b[22m\u001b[24m"}}
[debug] [2021-05-02T15:00:45.395Z] Ignoring unsupported arg: auto_download {"metadata":{"emulator":{"name":"ui"},"message":"Ignoring unsupported arg: auto_download"}}
[debug] [2021-05-02T15:00:45.396Z] Ignoring unsupported arg: port {"metadata":{"emulator":{"name":"ui"},"message":"Ignoring unsupported arg: port"}}
[debug] [2021-05-02T15:00:45.396Z] Starting Emulator UI with command {"binary":"node","args":["C:\\Users\\akshi\\.cache\\firebase\\emulators\\ui-v1.4.2\\server.bundle.js"],"optionalArgs":[],"joinArgs":false} {"metadata":{"emulator":{"name":"ui"},"message":"Starting Emulator UI with command {\"binary\":\"node\",\"args\":[\"C:\\\\Users\\\\akshi\\\\.cache\\\\firebase\\\\emulators\\\\ui-v1.4.2\\\\server.bundle.js\"],\"optionalArgs\":[],\"joinArgs\":false}"}}
[info] i  ui: Emulator UI logging to ui-debug.log {"metadata":{"emulator":{"name":"ui"},"message":"Emulator UI logging to \u001b[1mui-debug.log\u001b[22m"}}
[debug] [2021-05-02T15:00:45.668Z] Web / API server started at http://localhost:4000
 {"metadata":{"emulator":{"name":"ui"},"message":"Web / API server started at http://localhost:4000\n"}}
[info] i  functions: Watching "C:\Users\akshi\OneDrive\Desktop\CP\amazon-clone-5-day\functions" for Cloud Functions... {"metadata":{"emulator":{"name":"functions"},"message":"Watching \"C:\\Users\\akshi\\OneDrive\\Desktop\\CP\\amazon-clone-5-day\\functions\" for Cloud Functions..."}}
[debug] [2021-05-02T15:00:46.105Z] [worker-pool] addWorker(~diagnostic~) {"metadata":{"emulator":{"name":"functions"},"message":"[worker-pool] addWorker(~diagnostic~)"}}
[debug] [2021-05-02T15:00:46.105Z] [worker-pool] Adding worker with key ~diagnostic~, total=1 {"metadata":{"emulator":{"name":"functions"},"message":"[worker-pool] Adding worker with key ~diagnostic~, total=1"}}
[debug] [2021-05-02T15:00:46.105Z] [worker-pool] submitWork(triggerId=) {"metadata":{"emulator":{"name":"functions"},"message":"[worker-pool] submitWork(triggerId=)"}}
[debug] [2021-05-02T15:00:46.106Z] [worker-~diagnostic~-4fee2dff-ed11-4ebc-9366-f3557e0434e6]: Assigning socketPath: \\?\pipe\C:\Users\akshi\OneDrive\Desktop\CP\amazon-clone-5-day\functions\21740 {"metadata":{"emulator":{"name":"functions"},"message":"[worker-~diagnostic~-4fee2dff-ed11-4ebc-9366-f3557e0434e6]: Assigning socketPath: \\\\?\\pipe\\C:\\Users\\akshi\\OneDrive\\Desktop\\CP\\amazon-clone-5-day\\functions\\21740"}}
[debug] [2021-05-02T15:00:46.106Z] [worker-~diagnostic~-4fee2dff-ed11-4ebc-9366-f3557e0434e6]: BUSY {"metadata":{"emulator":{"name":"functions"},"message":"[worker-~diagnostic~-4fee2dff-ed11-4ebc-9366-f3557e0434e6]: BUSY"}}
[debug] [2021-05-02T15:00:46.321Z] [runtime-status] [21740] Functions runtime initialized. {"cwd":"C:\\Users\\akshi\\OneDrive\\Desktop\\CP\\amazon-clone-5-day\\functions","node_version":"12.18.3"} {"metadata":{"emulator":{"name":"functions"},"message":"[runtime-status] [21740] Functions runtime initialized. {\"cwd\":\"C:\\\\Users\\\\akshi\\\\OneDrive\\\\Desktop\\\\CP\\\\amazon-clone-5-day\\\\functions\",\"node_version\":\"12.18.3\"}"}}
[debug] [2021-05-02T15:00:46.321Z] [runtime-status] [21740] Disabled runtime features: undefined {"metadata":{"emulator":{"name":"functions"},"message":"[runtime-status] [21740] Disabled runtime features: undefined"}}
[debug] [2021-05-02T15:00:46.324Z] [runtime-status] [21740] Resolved module firebase-admin {"declared":true,"installed":true,"version":"9.7.0","resolution":"C:\\Users\\akshi\\OneDrive\\Desktop\\CP\\amazon-clone-5-day\\functions\\node_modules\\firebase-admin\\lib\\index.js"} {"metadata":{"emulator":{"name":"functions"},"message":"[runtime-status] [21740] Resolved module firebase-admin {\"declared\":true,\"installed\":true,\"version\":\"9.7.0\",\"resolution\":\"C:\\\\Users\\\\akshi\\\\OneDrive\\\\Desktop\\\\CP\\\\amazon-clone-5-day\\\\functions\\\\node_modules\\\\firebase-admin\\\\lib\\\\index.js\"}"}}
[debug] [2021-05-02T15:00:46.326Z] [runtime-status] [21740] Resolved module firebase-functions {"declared":true,"installed":true,"version":"3.13.2","resolution":"C:\\Users\\akshi\\OneDrive\\Desktop\\CP\\amazon-clone-5-day\\functions\\node_modules\\firebase-functions\\lib\\index.js"} {"metadata":{"emulator":{"name":"functions"},"message":"[runtime-status] [21740] Resolved module firebase-functions {\"declared\":true,\"installed\":true,\"version\":\"3.13.2\",\"resolution\":\"C:\\\\Users\\\\akshi\\\\OneDrive\\\\Desktop\\\\CP\\\\amazon-clone-5-day\\\\functions\\\\node_modules\\\\firebase-functions\\\\lib\\\\index.js\"}"}}
[debug] [2021-05-02T15:00:46.327Z] [runtime-status] [21740] Resolved module firebase-functions {"declared":true,"installed":true,"version":"3.13.2","resolution":"C:\\Users\\akshi\\OneDrive\\Desktop\\CP\\amazon-clone-5-day\\functions\\node_modules\\firebase-functions\\lib\\index.js"} {"metadata":{"emulator":{"name":"functions"},"message":"[runtime-status] [21740] Resolved module firebase-functions {\"declared\":true,\"installed\":true,\"version\":\"3.13.2\",\"resolution\":\"C:\\\\Users\\\\akshi\\\\OneDrive\\\\Desktop\\\\CP\\\\amazon-clone-5-day\\\\functions\\\\node_modules\\\\firebase-functions\\\\lib\\\\index.js\"}"}}
[debug] [2021-05-02T15:00:46.328Z] [runtime-status] [21740] Outgoing network have been stubbed. [{"name":"http","status":"mocked"},{"name":"http","status":"mocked"},{"name":"https","status":"mocked"},{"name":"https","status":"mocked"},{"name":"net","status":"mocked"}] {"metadata":{"emulator":{"name":"functions"},"message":"[runtime-status] [21740] Outgoing network have been stubbed. [{\"name\":\"http\",\"status\":\"mocked\"},{\"name\":\"http\",\"status\":\"mocked\"},{\"name\":\"https\",\"status\":\"mocked\"},{\"name\":\"https\",\"status\":\"mocked\"},{\"name\":\"net\",\"status\":\"mocked\"}]"}}
[debug] [2021-05-02T15:00:46.329Z] [runtime-status] [21740] Resolved module firebase-functions {"declared":true,"installed":true,"version":"3.13.2","resolution":"C:\\Users\\akshi\\OneDrive\\Desktop\\CP\\amazon-clone-5-day\\functions\\node_modules\\firebase-functions\\lib\\index.js"} {"metadata":{"emulator":{"name":"functions"},"message":"[runtime-status] [21740] Resolved module firebase-functions {\"declared\":true,\"installed\":true,\"version\":\"3.13.2\",\"resolution\":\"C:\\\\Users\\\\akshi\\\\OneDrive\\\\Desktop\\\\CP\\\\amazon-clone-5-day\\\\functions\\\\node_modules\\\\firebase-functions\\\\lib\\\\index.js\"}"}}
[debug] [2021-05-02T15:00:46.375Z] [runtime-status] [21740] Checked functions.config() {"config":{}} {"metadata":{"emulator":{"name":"functions"},"message":"[runtime-status] [21740] Checked functions.config() {\"config\":{}}"}}
[debug] [2021-05-02T15:00:46.375Z] [runtime-status] [21740] firebase-functions has been stubbed. {"functionsResolution":{"declared":true,"installed":true,"version":"3.13.2","resolution":"C:\\Users\\akshi\\OneDrive\\Desktop\\CP\\amazon-clone-5-day\\functions\\node_modules\\firebase-functions\\lib\\index.js"}} {"metadata":{"emulator":{"name":"functions"},"message":"[runtime-status] [21740] firebase-functions has been stubbed. {\"functionsResolution\":{\"declared\":true,\"installed\":true,\"version\":\"3.13.2\",\"resolution\":\"C:\\\\Users\\\\akshi\\\\OneDrive\\\\Desktop\\\\CP\\\\amazon-clone-5-day\\\\functions\\\\node_modules\\\\firebase-functions\\\\lib\\\\index.js\"}}"}}
[debug] [2021-05-02T15:00:46.376Z] [runtime-status] [21740] Resolved module firebase-functions {"declared":true,"installed":true,"version":"3.13.2","resolution":"C:\\Users\\akshi\\OneDrive\\Desktop\\CP\\amazon-clone-5-day\\functions\\node_modules\\firebase-functions\\lib\\index.js"} {"metadata":{"emulator":{"name":"functions"},"message":"[runtime-status] [21740] Resolved module firebase-functions {\"declared\":true,\"installed\":true,\"version\":\"3.13.2\",\"resolution\":\"C:\\\\Users\\\\akshi\\\\OneDrive\\\\Desktop\\\\CP\\\\amazon-clone-5-day\\\\functions\\\\node_modules\\\\firebase-functions\\\\lib\\\\index.js\"}"}}
[debug] [2021-05-02T15:00:46.379Z] [runtime-status] [21740] Resolved module firebase-admin {"declared":true,"installed":true,"version":"9.7.0","resolution":"C:\\Users\\akshi\\OneDrive\\Desktop\\CP\\amazon-clone-5-day\\functions\\node_modules\\firebase-admin\\lib\\index.js"} {"metadata":{"emulator":{"name":"functions"},"message":"[runtime-status] [21740] Resolved module firebase-admin {\"declared\":true,\"installed\":true,\"version\":\"9.7.0\",\"resolution\":\"C:\\\\Users\\\\akshi\\\\OneDrive\\\\Desktop\\\\CP\\\\amazon-clone-5-day\\\\functions\\\\node_modules\\\\firebase-admin\\\\lib\\\\index.js\"}"}}
[debug] [2021-05-02T15:00:46.379Z] [runtime-status] [21740] Resolved module firebase-functions {"declared":true,"installed":true,"version":"3.13.2","resolution":"C:\\Users\\akshi\\OneDrive\\Desktop\\CP\\amazon-clone-5-day\\functions\\node_modules\\firebase-functions\\lib\\index.js"} {"metadata":{"emulator":{"name":"functions"},"message":"[runtime-status] [21740] Resolved module firebase-functions {\"declared\":true,\"installed\":true,\"version\":\"3.13.2\",\"resolution\":\"C:\\\\Users\\\\akshi\\\\OneDrive\\\\Desktop\\\\CP\\\\amazon-clone-5-day\\\\functions\\\\node_modules\\\\firebase-functions\\\\lib\\\\index.js\"}"}}
[debug] [2021-05-02T15:00:46.379Z] [runtime-status] [21740] firebase-admin has been stubbed. {"adminResolution":{"declared":true,"installed":true,"version":"9.7.0","resolution":"C:\\Users\\akshi\\OneDrive\\Desktop\\CP\\amazon-clone-5-day\\functions\\node_modules\\firebase-admin\\lib\\index.js"}} {"metadata":{"emulator":{"name":"functions"},"message":"[runtime-status] [21740] firebase-admin has been stubbed. {\"adminResolution\":{\"declared\":true,\"installed\":true,\"version\":\"9.7.0\",\"resolution\":\"C:\\\\Users\\\\akshi\\\\OneDrive\\\\Desktop\\\\CP\\\\amazon-clone-5-day\\\\functions\\\\node_modules\\\\firebase-admin\\\\lib\\\\index.js\"}}"}}
[info] +  functions[api]: http function initialized (http://localhost:5001/clone-5e57f/us-central1/api). {"metadata":{"emulator":{"name":"functions"},"message":"\u001b[1mhttp\u001b[22m function initialized (http://localhost:5001/clone-5e57f/us-central1/api)."}}
[info] 
┌─────────────────────────────────────────────────────────────┐
│ ✔  All emulators ready! It is now safe to connect your app. │
│ i  View Emulator UI at http://localhost:4000                │
└─────────────────────────────────────────────────────────────┘

┌───────────┬────────────────┬─────────────────────────────────┐
│ Emulator  │ Host:Port      │ View in Emulator UI             │
├───────────┼────────────────┼─────────────────────────────────┤
│ Functions │ localhost:5001 │ http://localhost:4000/functions │
├───────────┼────────────────┼─────────────────────────────────┤
│ Hosting   │ localhost:5000 │ n/a                             │
└───────────┴────────────────┴─────────────────────────────────┘
  Emulator Hub running at localhost:4400
  Other reserved ports: 4500

Issues? Report them at https://github.com/firebase/firebase-tools/issues and attach the *-debug.log files.
 
[debug] [2021-05-02T15:00:46.638Z] [worker-~diagnostic~-4fee2dff-ed11-4ebc-9366-f3557e0434e6]: IDLE {"metadata":{"emulator":{"name":"functions"},"message":"[worker-~diagnostic~-4fee2dff-ed11-4ebc-9366-f3557e0434e6]: IDLE"}}
[debug] [2021-05-02T15:01:17.233Z] File C:\Users\akshi\OneDrive\Desktop\CP\amazon-clone-5-day\functions\index.js changed, reloading triggers {"metadata":{"emulator":{"name":"functions"},"message":"File C:\\Users\\akshi\\OneDrive\\Desktop\\CP\\amazon-clone-5-day\\functions\\index.js changed, reloading triggers"}}
[debug] [2021-05-02T15:01:18.244Z] [worker-pool] Shutting down IDLE worker (~diagnostic~) {"metadata":{"emulator":{"name":"functions"},"message":"[worker-pool] Shutting down IDLE worker (~diagnostic~)"}}
[debug] [2021-05-02T15:01:18.244Z] [worker-~diagnostic~-4fee2dff-ed11-4ebc-9366-f3557e0434e6]: FINISHING {"metadata":{"emulator":{"name":"functions"},"message":"[worker-~diagnostic~-4fee2dff-ed11-4ebc-9366-f3557e0434e6]: FINISHING"}}
[debug] [2021-05-02T15:01:18.336Z] [worker-pool] addWorker(~diagnostic~) {"metadata":{"emulator":{"name":"functions"},"message":"[worker-pool] addWorker(~diagnostic~)"}}
[debug] [2021-05-02T15:01:18.337Z] [worker-pool] Adding worker with key ~diagnostic~, total=2 {"metadata":{"emulator":{"name":"functions"},"message":"[worker-pool] Adding worker with key ~diagnostic~, total=2"}}
[debug] [2021-05-02T15:01:18.337Z] [worker-pool] submitWork(triggerId=) {"metadata":{"emulator":{"name":"functions"},"message":"[worker-pool] submitWork(triggerId=)"}}
[debug] [2021-05-02T15:01:18.337Z] [worker-~diagnostic~-df79e776-d539-47bc-8a23-4d691b2a1725]: Assigning socketPath: \\?\pipe\C:\Users\akshi\OneDrive\Desktop\CP\amazon-clone-5-day\functions\9016 {"metadata":{"emulator":{"name":"functions"},"message":"[worker-~diagnostic~-df79e776-d539-47bc-8a23-4d691b2a1725]: Assigning socketPath: \\\\?\\pipe\\C:\\Users\\akshi\\OneDrive\\Desktop\\CP\\amazon-clone-5-day\\functions\\9016"}}
[debug] [2021-05-02T15:01:18.337Z] [worker-~diagnostic~-df79e776-d539-47bc-8a23-4d691b2a1725]: BUSY {"metadata":{"emulator":{"name":"functions"},"message":"[worker-~diagnostic~-df79e776-d539-47bc-8a23-4d691b2a1725]: BUSY"}}
[debug] [2021-05-02T15:01:18.338Z] [worker-~diagnostic~-4fee2dff-ed11-4ebc-9366-f3557e0434e6]: exited {"metadata":{"emulator":{"name":"functions"},"message":"[worker-~diagnostic~-4fee2dff-ed11-4ebc-9366-f3557e0434e6]: exited"}}
[debug] [2021-05-02T15:01:18.339Z] [worker-~diagnostic~-4fee2dff-ed11-4ebc-9366-f3557e0434e6]: FINISHED {"metadata":{"emulator":{"name":"functions"},"message":"[worker-~diagnostic~-4fee2dff-ed11-4ebc-9366-f3557e0434e6]: FINISHED"}}
[debug] [2021-05-02T15:01:18.684Z] [runtime-status] [9016] Functions runtime initialized. {"cwd":"C:\\Users\\akshi\\OneDrive\\Desktop\\CP\\amazon-clone-5-day\\functions","node_version":"12.18.3"} {"metadata":{"emulator":{"name":"functions"},"message":"[runtime-status] [9016] Functions runtime initialized. {\"cwd\":\"C:\\\\Users\\\\akshi\\\\OneDrive\\\\Desktop\\\\CP\\\\amazon-clone-5-day\\\\functions\",\"node_version\":\"12.18.3\"}"}}
[debug] [2021-05-02T15:01:18.686Z] [runtime-status] [9016] Disabled runtime features: undefined {"metadata":{"emulator":{"name":"functions"},"message":"[runtime-status] [9016] Disabled runtime features: undefined"}}
[debug] [2021-05-02T15:01:18.690Z] [runtime-status] [9016] Resolved module firebase-admin {"declared":true,"installed":true,"version":"9.7.0","resolution":"C:\\Users\\akshi\\OneDrive\\Desktop\\CP\\amazon-clone-5-day\\functions\\node_modules\\firebase-admin\\lib\\index.js"} {"metadata":{"emulator":{"name":"functions"},"message":"[runtime-status] [9016] Resolved module firebase-admin {\"declared\":true,\"installed\":true,\"version\":\"9.7.0\",\"resolution\":\"C:\\\\Users\\\\akshi\\\\OneDrive\\\\Desktop\\\\CP\\\\amazon-clone-5-day\\\\functions\\\\node_modules\\\\firebase-admin\\\\lib\\\\index.js\"}"}}
[debug] [2021-05-02T15:01:18.692Z] [runtime-status] [9016] Resolved module firebase-functions {"declared":true,"installed":true,"version":"3.13.2","resolution":"C:\\Users\\akshi\\OneDrive\\Desktop\\CP\\amazon-clone-5-day\\functions\\node_modules\\firebase-functions\\lib\\index.js"} {"metadata":{"emulator":{"name":"functions"},"message":"[runtime-status] [9016] Resolved module firebase-functions {\"declared\":true,\"installed\":true,\"version\":\"3.13.2\",\"resolution\":\"C:\\\\Users\\\\akshi\\\\OneDrive\\\\Desktop\\\\CP\\\\amazon-clone-5-day\\\\functions\\\\node_modules\\\\firebase-functions\\\\lib\\\\index.js\"}"}}
[debug] [2021-05-02T15:01:18.694Z] [runtime-status] [9016] Resolved module firebase-functions {"declared":true,"installed":true,"version":"3.13.2","resolution":"C:\\Users\\akshi\\OneDrive\\Desktop\\CP\\amazon-clone-5-day\\functions\\node_modules\\firebase-functions\\lib\\index.js"} {"metadata":{"emulator":{"name":"functions"},"message":"[runtime-status] [9016] Resolved module firebase-functions {\"declared\":true,\"installed\":true,\"version\":\"3.13.2\",\"resolution\":\"C:\\\\Users\\\\akshi\\\\OneDrive\\\\Desktop\\\\CP\\\\amazon-clone-5-day\\\\functions\\\\node_modules\\\\firebase-functions\\\\lib\\\\index.js\"}"}}
[debug] [2021-05-02T15:01:18.696Z] [runtime-status] [9016] Outgoing network have been stubbed. [{"name":"http","status":"mocked"},{"name":"http","status":"mocked"},{"name":"https","status":"mocked"},{"name":"https","status":"mocked"},{"name":"net","status":"mocked"}] {"metadata":{"emulator":{"name":"functions"},"message":"[runtime-status] [9016] Outgoing network have been stubbed. [{\"name\":\"http\",\"status\":\"mocked\"},{\"name\":\"http\",\"status\":\"mocked\"},{\"name\":\"https\",\"status\":\"mocked\"},{\"name\":\"https\",\"status\":\"mocked\"},{\"name\":\"net\",\"status\":\"mocked\"}]"}}
[debug] [2021-05-02T15:01:18.697Z] [runtime-status] [9016] Resolved module firebase-functions {"declared":true,"installed":true,"version":"3.13.2","resolution":"C:\\Users\\akshi\\OneDrive\\Desktop\\CP\\amazon-clone-5-day\\functions\\node_modules\\firebase-functions\\lib\\index.js"} {"metadata":{"emulator":{"name":"functions"},"message":"[runtime-status] [9016] Resolved module firebase-functions {\"declared\":true,\"installed\":true,\"version\":\"3.13.2\",\"resolution\":\"C:\\\\Users\\\\akshi\\\\OneDrive\\\\Desktop\\\\CP\\\\amazon-clone-5-day\\\\functions\\\\node_modules\\\\firebase-functions\\\\lib\\\\index.js\"}"}}
[debug] [2021-05-02T15:01:18.776Z] [runtime-status] [9016] Checked functions.config() {"config":{}} {"metadata":{"emulator":{"name":"functions"},"message":"[runtime-status] [9016] Checked functions.config() {\"config\":{}}"}}
[debug] [2021-05-02T15:01:18.776Z] [runtime-status] [9016] firebase-functions has been stubbed. {"functionsResolution":{"declared":true,"installed":true,"version":"3.13.2","resolution":"C:\\Users\\akshi\\OneDrive\\Desktop\\CP\\amazon-clone-5-day\\functions\\node_modules\\firebase-functions\\lib\\index.js"}} {"metadata":{"emulator":{"name":"functions"},"message":"[runtime-status] [9016] firebase-functions has been stubbed. {\"functionsResolution\":{\"declared\":true,\"installed\":true,\"version\":\"3.13.2\",\"resolution\":\"C:\\\\Users\\\\akshi\\\\OneDrive\\\\Desktop\\\\CP\\\\amazon-clone-5-day\\\\functions\\\\node_modules\\\\firebase-functions\\\\lib\\\\index.js\"}}"}}
[debug] [2021-05-02T15:01:18.779Z] [runtime-status] [9016] Resolved module firebase-functions {"declared":true,"installed":true,"version":"3.13.2","resolution":"C:\\Users\\akshi\\OneDrive\\Desktop\\CP\\amazon-clone-5-day\\functions\\node_modules\\firebase-functions\\lib\\index.js"} {"metadata":{"emulator":{"name":"functions"},"message":"[runtime-status] [9016] Resolved module firebase-functions {\"declared\":true,\"installed\":true,\"version\":\"3.13.2\",\"resolution\":\"C:\\\\Users\\\\akshi\\\\OneDrive\\\\Desktop\\\\CP\\\\amazon-clone-5-day\\\\functions\\\\node_modules\\\\firebase-functions\\\\lib\\\\index.js\"}"}}
[debug] [2021-05-02T15:01:18.782Z] [runtime-status] [9016] Resolved module firebase-admin {"declared":true,"installed":true,"version":"9.7.0","resolution":"C:\\Users\\akshi\\OneDrive\\Desktop\\CP\\amazon-clone-5-day\\functions\\node_modules\\firebase-admin\\lib\\index.js"} {"metadata":{"emulator":{"name":"functions"},"message":"[runtime-status] [9016] Resolved module firebase-admin {\"declared\":true,\"installed\":true,\"version\":\"9.7.0\",\"resolution\":\"C:\\\\Users\\\\akshi\\\\OneDrive\\\\Desktop\\\\CP\\\\amazon-clone-5-day\\\\functions\\\\node_modules\\\\firebase-admin\\\\lib\\\\index.js\"}"}}
[debug] [2021-05-02T15:01:18.784Z] [runtime-status] [9016] Resolved module firebase-functions {"declared":true,"installed":true,"version":"3.13.2","resolution":"C:\\Users\\akshi\\OneDrive\\Desktop\\CP\\amazon-clone-5-day\\functions\\node_modules\\firebase-functions\\lib\\index.js"} {"metadata":{"emulator":{"name":"functions"},"message":"[runtime-status] [9016] Resolved module firebase-functions {\"declared\":true,\"installed\":true,\"version\":\"3.13.2\",\"resolution\":\"C:\\\\Users\\\\akshi\\\\OneDrive\\\\Desktop\\\\CP\\\\amazon-clone-5-day\\\\functions\\\\node_modules\\\\firebase-functions\\\\lib\\\\index.js\"}"}}
[debug] [2021-05-02T15:01:18.784Z] [runtime-status] [9016] firebase-admin has been stubbed. {"adminResolution":{"declared":true,"installed":true,"version":"9.7.0","resolution":"C:\\Users\\akshi\\OneDrive\\Desktop\\CP\\amazon-clone-5-day\\functions\\node_modules\\firebase-admin\\lib\\index.js"}} {"metadata":{"emulator":{"name":"functions"},"message":"[runtime-status] [9016] firebase-admin has been stubbed. {\"adminResolution\":{\"declared\":true,\"installed\":true,\"version\":\"9.7.0\",\"resolution\":\"C:\\\\Users\\\\akshi\\\\OneDrive\\\\Desktop\\\\CP\\\\amazon-clone-5-day\\\\functions\\\\node_modules\\\\firebase-admin\\\\lib\\\\index.js\"}}"}}
[debug] [2021-05-02T15:01:19.017Z] [worker-~diagnostic~-df79e776-d539-47bc-8a23-4d691b2a1725]: IDLE {"metadata":{"emulator":{"name":"functions"},"message":"[worker-~diagnostic~-df79e776-d539-47bc-8a23-4d691b2a1725]: IDLE"}}
[debug] [2021-05-02T15:03:47.050Z] File C:\Users\akshi\OneDrive\Desktop\CP\amazon-clone-5-day\functions\index.js changed, reloading triggers {"metadata":{"emulator":{"name":"functions"},"message":"File C:\\Users\\akshi\\OneDrive\\Desktop\\CP\\amazon-clone-5-day\\functions\\index.js changed, reloading triggers"}}
